2017-05-11 15:41:40,330 [Worker-5] INFO  o.e.m.c.i.l.LifecycleMappingFactory - Using org.maven.ide.eclipse.wtp.WarLifecycleMapping lifecycle mapping for MavenProject: cn.xll.com:MavenTest:0.0.1-SNAPSHOT @ D:\workspace_server_javaweb02\javaWeb\MavenTest\pom.xml.
2017-05-11 15:41:45,354 [Worker-5] INFO  o.e.m.j.i.AbstractJavaProjectConfigurator - Adding source folder /MavenTest/src/main/java
2017-05-11 15:41:45,354 [Worker-5] INFO  o.e.m.j.i.AbstractJavaProjectConfigurator - Adding source folder /MavenTest/src/test/java
2017-05-11 15:41:45,670 [Worker-8] INFO  o.e.m.c.i.l.LifecycleMappingFactory - Using org.maven.ide.eclipse.wtp.WarLifecycleMapping lifecycle mapping for MavenProject: cn.xll.com:MavenTest:0.0.1-SNAPSHOT @ D:\workspace_server_javaweb02\javaWeb\MavenTest\pom.xml.
2017-05-11 15:41:46,428 [Worker-5] INFO  o.e.m.c.i.p.ProjectConfigurationManager - Imported and configured 1 project(s) in 10 sec
2017-05-11 15:41:48,137 [Worker-3] INFO  o.e.m.c.i.l.LifecycleMappingFactory - Using org.maven.ide.eclipse.wtp.WarLifecycleMapping lifecycle mapping for MavenProject: cn.xll.com:MavenTest:0.0.1-SNAPSHOT @ D:\workspace_server_javaweb02\javaWeb\MavenTest\pom.xml.
2017-05-11 15:41:48,515 [Worker-3] WARN  o.e.m.c.i.embedder.EclipseLogger - Using platform encoding (GBK actually) to copy filtered resources, i.e. build is platform dependent!
2017-05-11 15:41:48,516 [Worker-3] INFO  o.e.m.c.i.embedder.EclipseLogger - skip non existing resourceDirectory D:\workspace_server_javaweb02\javaWeb\MavenTest\src\main\resources
2017-05-11 15:41:48,518 [Worker-3] WARN  o.e.m.c.i.embedder.EclipseLogger - Using platform encoding (GBK actually) to copy filtered resources, i.e. build is platform dependent!
2017-05-11 15:41:48,518 [Worker-3] INFO  o.e.m.c.i.embedder.EclipseLogger - skip non existing resourceDirectory D:\workspace_server_javaweb02\javaWeb\MavenTest\src\test\resources
2017-05-11 15:50:24,874 [Worker-7] WARN  o.e.m.c.i.embedder.EclipseLogger - Using platform encoding (GBK actually) to copy filtered resources, i.e. build is platform dependent!
2017-05-11 15:50:24,875 [Worker-7] INFO  o.e.m.c.i.embedder.EclipseLogger - skip non existing resourceDirectory D:\workspace_server_javaweb02\javaWeb\MavenTest\src\main\resources
2017-05-11 15:50:24,876 [Worker-7] WARN  o.e.m.c.i.embedder.EclipseLogger - Using platform encoding (GBK actually) to copy filtered resources, i.e. build is platform dependent!
2017-05-11 15:50:24,876 [Worker-7] INFO  o.e.m.c.i.embedder.EclipseLogger - skip non existing resourceDirectory D:\workspace_server_javaweb02\javaWeb\MavenTest\src\test\resources
2017-05-11 15:50:45,040 [Worker-4] WARN  o.e.m.c.i.embedder.EclipseLogger - Using platform encoding (GBK actually) to copy filtered resources, i.e. build is platform dependent!
2017-05-11 15:50:45,041 [Worker-4] INFO  o.e.m.c.i.embedder.EclipseLogger - skip non existing resourceDirectory D:\workspace_server_javaweb02\javaWeb\MavenTest\src\main\resources
2017-05-11 15:50:45,042 [Worker-4] WARN  o.e.m.c.i.embedder.EclipseLogger - Using platform encoding (GBK actually) to copy filtered resources, i.e. build is platform dependent!
2017-05-11 15:50:45,042 [Worker-4] INFO  o.e.m.c.i.embedder.EclipseLogger - skip non existing resourceDirectory D:\workspace_server_javaweb02\javaWeb\MavenTest\src\test\resources
2017-05-11 15:50:45,043 [Worker-4] INFO  o.e.m.w.i.f.ResourceFilteringBuildParticipant - Changed resources require a complete clean of filtered resources of MavenTest
2017-05-11 15:50:45,044 [Worker-4] INFO  o.e.m.w.i.f.ResourceFilteringBuildParticipant - Executing resource filtering for MavenTest
2017-05-11 15:50:45,053 [Worker-4] WARN  o.e.m.c.i.embedder.EclipseLogger - Using platform encoding (GBK actually) to copy filtered resources, i.e. build is platform dependent!
2017-05-11 16:29:53,564 [Worker-21] INFO  o.e.m.c.i.e.AbstractTransferListenerAdapter - Downloading http://repo.maven.apache.org/maven2/org/apache/maven/plugins/maven-jar-plugin/2.4/maven-jar-plugin-2.4.jar
2017-05-11 16:29:55,225 [Worker-21] INFO  o.e.m.c.i.e.AbstractTransferListenerAdapter - Downloaded http://repo.maven.apache.org/maven2/org/apache/maven/plugins/maven-jar-plugin/2.4/maven-jar-plugin-2.4.jar
2017-05-11 16:29:55,517 [Worker-21] INFO  o.e.m.c.i.l.LifecycleMappingFactory - Using org.eclipse.m2e.jdt.JarLifecycleMapping lifecycle mapping for MavenProject: MyBatisGenerator:MyBatisGenerator:0.0.1-SNAPSHOT @ D:\workspace_server_javaweb02\javaWeb\MyBatisGenerator\pom.xml.
2017-05-11 16:29:55,803 [Worker-21] INFO  o.e.m.j.i.AbstractJavaProjectConfigurator - Adding source folder /MyBatisGenerator/src/main/java
2017-05-11 16:29:55,804 [Worker-21] INFO  o.e.m.j.i.AbstractJavaProjectConfigurator - Adding resource folder /MyBatisGenerator/src/main/resources
2017-05-11 16:29:55,805 [Worker-21] INFO  o.e.m.j.i.AbstractJavaProjectConfigurator - Adding source folder /MyBatisGenerator/src/test/java
2017-05-11 16:29:55,806 [Worker-21] INFO  o.e.m.j.i.AbstractJavaProjectConfigurator - Adding resource folder /MyBatisGenerator/src/test/resources
2017-05-11 16:29:56,158 [Worker-23] INFO  o.e.m.c.i.l.LifecycleMappingFactory - Using org.eclipse.m2e.jdt.JarLifecycleMapping lifecycle mapping for MavenProject: MyBatisGenerator:MyBatisGenerator:0.0.1-SNAPSHOT @ D:\workspace_server_javaweb02\javaWeb\MyBatisGenerator\pom.xml.
2017-05-11 16:29:56,483 [Worker-24] WARN  o.e.m.c.i.embedder.EclipseLogger - Using platform encoding (GBK actually) to copy filtered resources, i.e. build is platform dependent!
2017-05-11 16:29:56,492 [Worker-24] INFO  o.e.m.c.i.embedder.EclipseLogger - Copying 0 resource
2017-05-11 16:29:56,495 [Worker-24] WARN  o.e.m.c.i.embedder.EclipseLogger - Using platform encoding (GBK actually) to copy filtered resources, i.e. build is platform dependent!
2017-05-11 16:29:56,496 [Worker-24] INFO  o.e.m.c.i.embedder.EclipseLogger - Copying 0 resource
2017-05-11 16:31:42,345 [Worker-22] INFO  o.e.m.c.i.l.LifecycleMappingFactory - Using org.eclipse.m2e.jdt.JarLifecycleMapping lifecycle mapping for MavenProject: MyBatisGenerator:MyBatisGenerator:0.0.1-SNAPSHOT @ D:\workspace_server_javaweb02\javaWeb\MyBatisGenerator\pom.xml.
2017-05-11 16:31:42,744 [Worker-22] INFO  o.e.m.c.i.e.AbstractTransferListenerAdapter - Downloading http://repo.maven.apache.org/maven2/org/mybatis/generator/mybatis-generator-core/1.3.5/mybatis-generator-core-1.3.5.pom
2017-05-11 16:31:43,573 [Worker-22] INFO  o.e.m.c.i.e.AbstractTransferListenerAdapter - Downloaded http://repo.maven.apache.org/maven2/org/mybatis/generator/mybatis-generator-core/1.3.5/mybatis-generator-core-1.3.5.pom
2017-05-11 16:31:45,750 [Worker-22] INFO  o.e.m.c.i.e.AbstractTransferListenerAdapter - Downloading http://repo.maven.apache.org/maven2/org/mybatis/generator/mybatis-generator/1.3.5/mybatis-generator-1.3.5.pom
2017-05-11 16:31:46,564 [Worker-22] INFO  o.e.m.c.i.e.AbstractTransferListenerAdapter - Downloaded http://repo.maven.apache.org/maven2/org/mybatis/generator/mybatis-generator/1.3.5/mybatis-generator-1.3.5.pom
2017-05-11 16:31:46,972 [Worker-22] INFO  o.e.m.c.i.e.AbstractTransferListenerAdapter - Downloading http://repo.maven.apache.org/maven2/org/mybatis/mybatis-parent/27/mybatis-parent-27.pom
2017-05-11 16:31:48,173 [Worker-22] INFO  o.e.m.c.i.e.AbstractTransferListenerAdapter - Downloaded http://repo.maven.apache.org/maven2/org/mybatis/mybatis-parent/27/mybatis-parent-27.pom
2017-05-11 16:31:48,544 [Worker-22] INFO  o.e.m.c.i.e.AbstractTransferListenerAdapter - Downloading http://repo.maven.apache.org/maven2/org/mybatis/generator/mybatis-generator-core/1.3.5/mybatis-generator-core-1.3.5.jar
2017-05-11 16:31:53,812 [Worker-22] INFO  o.e.m.c.i.e.AbstractTransferListenerAdapter - Downloaded http://repo.maven.apache.org/maven2/org/mybatis/generator/mybatis-generator-core/1.3.5/mybatis-generator-core-1.3.5.jar
2017-05-11 16:31:54,007 [Worker-22] WARN  o.e.m.c.i.embedder.EclipseLogger - Using platform encoding (GBK actually) to copy filtered resources, i.e. build is platform dependent!
2017-05-11 16:31:54,009 [Worker-22] INFO  o.e.m.c.i.embedder.EclipseLogger - Copying 0 resource
2017-05-11 16:31:54,011 [Worker-22] WARN  o.e.m.c.i.embedder.EclipseLogger - Using platform encoding (GBK actually) to copy filtered resources, i.e. build is platform dependent!
2017-05-11 16:31:54,011 [Worker-22] INFO  o.e.m.c.i.embedder.EclipseLogger - Copying 0 resource
2017-05-11 16:35:33,414 [Worker-26] INFO  o.e.m.c.i.l.LifecycleMappingFactory - Using org.eclipse.m2e.jdt.JarLifecycleMapping lifecycle mapping for MavenProject: MyBatisGenerator:MyBatisGenerator:0.0.1-SNAPSHOT @ D:\workspace_server_javaweb02\javaWeb\MyBatisGenerator\pom.xml.
2017-05-11 16:35:33,454 [Worker-26] WARN  o.e.m.c.i.embedder.EclipseLogger - Using platform encoding (GBK actually) to copy filtered resources, i.e. build is platform dependent!
2017-05-11 16:35:33,455 [Worker-26] INFO  o.e.m.c.i.embedder.EclipseLogger - Copying 0 resource
2017-05-11 16:35:33,456 [Worker-26] WARN  o.e.m.c.i.embedder.EclipseLogger - Using platform encoding (GBK actually) to copy filtered resources, i.e. build is platform dependent!
2017-05-11 16:35:33,456 [Worker-26] INFO  o.e.m.c.i.embedder.EclipseLogger - Copying 0 resource
2017-05-11 16:43:11,058 [Worker-27] INFO  o.e.m.c.i.l.LifecycleMappingFactory - Using org.eclipse.m2e.jdt.JarLifecycleMapping lifecycle mapping for MavenProject: MyBatisGenerator:MyBatisGenerator:0.0.1-SNAPSHOT @ D:\workspace_server_javaweb02\javaWeb\MyBatisGenerator\pom.xml.
2017-05-11 16:43:11,883 [Worker-27] INFO  o.e.m.c.i.e.AbstractTransferListenerAdapter - Downloading http://repo.maven.apache.org/maven2/mysql/mysql-connector-java/5.1.35/mysql-connector-java-5.1.35.pom
2017-05-11 16:43:13,273 [Worker-27] INFO  o.e.m.c.i.e.AbstractTransferListenerAdapter - Downloaded http://repo.maven.apache.org/maven2/mysql/mysql-connector-java/5.1.35/mysql-connector-java-5.1.35.pom
2017-05-11 16:43:13,980 [Worker-27] INFO  o.e.m.c.i.e.AbstractTransferListenerAdapter - Downloading http://repo.maven.apache.org/maven2/mysql/mysql-connector-java/5.1.35/mysql-connector-java-5.1.35.jar
2017-05-11 16:43:39,301 [Worker-27] INFO  o.e.m.c.i.e.AbstractTransferListenerAdapter - Downloaded http://repo.maven.apache.org/maven2/mysql/mysql-connector-java/5.1.35/mysql-connector-java-5.1.35.jar
2017-05-11 16:43:39,736 [Worker-27] WARN  o.e.m.c.i.embedder.EclipseLogger - Using platform encoding (GBK actually) to copy filtered resources, i.e. build is platform dependent!
2017-05-11 16:43:39,736 [Worker-27] INFO  o.e.m.c.i.embedder.EclipseLogger - Copying 0 resource
2017-05-11 16:43:39,737 [Worker-27] WARN  o.e.m.c.i.embedder.EclipseLogger - Using platform encoding (GBK actually) to copy filtered resources, i.e. build is platform dependent!
2017-05-11 16:43:39,738 [Worker-27] INFO  o.e.m.c.i.embedder.EclipseLogger - Copying 0 resource
2017-05-11 16:44:47,955 [Worker-28] WARN  o.e.m.c.i.embedder.EclipseLogger - Using platform encoding (GBK actually) to copy filtered resources, i.e. build is platform dependent!
2017-05-11 16:44:47,956 [Worker-28] INFO  o.e.m.c.i.embedder.EclipseLogger - Copying 1 resource
2017-05-11 16:44:47,964 [Worker-28] WARN  o.e.m.c.i.embedder.EclipseLogger - Using platform encoding (GBK actually) to copy filtered resources, i.e. build is platform dependent!
2017-05-11 16:44:47,965 [Worker-28] INFO  o.e.m.c.i.embedder.EclipseLogger - Copying 0 resource
2017-05-11 16:45:13,468 [Worker-28] WARN  o.e.m.c.i.embedder.EclipseLogger - Using platform encoding (GBK actually) to copy filtered resources, i.e. build is platform dependent!
2017-05-11 16:45:13,469 [Worker-28] INFO  o.e.m.c.i.embedder.EclipseLogger - Copying 1 resource
2017-05-11 16:45:13,470 [Worker-28] WARN  o.e.m.c.i.embedder.EclipseLogger - Using platform encoding (GBK actually) to copy filtered resources, i.e. build is platform dependent!
2017-05-11 16:45:13,471 [Worker-28] INFO  o.e.m.c.i.embedder.EclipseLogger - Copying 0 resource
2017-05-11 16:46:54,543 [Worker-26] WARN  o.e.m.c.i.embedder.EclipseLogger - Using platform encoding (GBK actually) to copy filtered resources, i.e. build is platform dependent!
2017-05-11 16:46:54,543 [Worker-26] INFO  o.e.m.c.i.embedder.EclipseLogger - Copying 1 resource
2017-05-11 16:46:54,545 [Worker-26] WARN  o.e.m.c.i.embedder.EclipseLogger - Using platform encoding (GBK actually) to copy filtered resources, i.e. build is platform dependent!
2017-05-11 16:46:54,545 [Worker-26] INFO  o.e.m.c.i.embedder.EclipseLogger - Copying 0 resource
2017-05-11 16:56:11,062 [Worker-32] WARN  o.e.m.c.i.embedder.EclipseLogger - Using platform encoding (GBK actually) to copy filtered resources, i.e. build is platform dependent!
2017-05-11 16:56:11,064 [Worker-32] INFO  o.e.m.c.i.embedder.EclipseLogger - Copying 1 resource
2017-05-11 16:56:11,065 [Worker-32] WARN  o.e.m.c.i.embedder.EclipseLogger - Using platform encoding (GBK actually) to copy filtered resources, i.e. build is platform dependent!
2017-05-11 16:56:11,065 [Worker-32] INFO  o.e.m.c.i.embedder.EclipseLogger - Copying 0 resource
2017-05-11 16:56:42,001 [Worker-33] WARN  o.e.m.c.i.embedder.EclipseLogger - Using platform encoding (GBK actually) to copy filtered resources, i.e. build is platform dependent!
2017-05-11 16:56:42,002 [Worker-33] INFO  o.e.m.c.i.embedder.EclipseLogger - Copying 1 resource
2017-05-11 16:56:42,003 [Worker-33] WARN  o.e.m.c.i.embedder.EclipseLogger - Using platform encoding (GBK actually) to copy filtered resources, i.e. build is platform dependent!
2017-05-11 16:56:42,004 [Worker-33] INFO  o.e.m.c.i.embedder.EclipseLogger - Copying 0 resource
2017-05-11 16:57:03,188 [Worker-33] WARN  o.e.m.c.i.embedder.EclipseLogger - Using platform encoding (GBK actually) to copy filtered resources, i.e. build is platform dependent!
2017-05-11 16:57:03,189 [Worker-33] INFO  o.e.m.c.i.embedder.EclipseLogger - Copying 1 resource
2017-05-11 16:57:03,190 [Worker-33] WARN  o.e.m.c.i.embedder.EclipseLogger - Using platform encoding (GBK actually) to copy filtered resources, i.e. build is platform dependent!
2017-05-11 16:57:03,190 [Worker-33] INFO  o.e.m.c.i.embedder.EclipseLogger - Copying 0 resource
2017-05-11 16:57:13,333 [Worker-29] WARN  o.e.m.c.i.embedder.EclipseLogger - Using platform encoding (GBK actually) to copy filtered resources, i.e. build is platform dependent!
2017-05-11 16:57:13,333 [Worker-29] INFO  o.e.m.c.i.embedder.EclipseLogger - Copying 1 resource
2017-05-11 16:57:13,334 [Worker-29] WARN  o.e.m.c.i.embedder.EclipseLogger - Using platform encoding (GBK actually) to copy filtered resources, i.e. build is platform dependent!
2017-05-11 16:57:13,335 [Worker-29] INFO  o.e.m.c.i.embedder.EclipseLogger - Copying 0 resource
2017-05-11 17:01:27,651 [Worker-32] WARN  o.e.m.c.i.embedder.EclipseLogger - Using platform encoding (GBK actually) to copy filtered resources, i.e. build is platform dependent!
2017-05-11 17:01:27,652 [Worker-32] INFO  o.e.m.c.i.embedder.EclipseLogger - Copying 1 resource
2017-05-11 17:01:27,655 [Worker-32] WARN  o.e.m.c.i.embedder.EclipseLogger - Using platform encoding (GBK actually) to copy filtered resources, i.e. build is platform dependent!
2017-05-11 17:01:27,656 [Worker-32] INFO  o.e.m.c.i.embedder.EclipseLogger - Copying 0 resource
2017-05-11 17:03:51,707 [Worker-34] INFO  o.e.m.c.i.e.AbstractTransferListenerAdapter - Downloading http://repo.maven.apache.org/maven2/org/mybatis/generator/mybatis-generator-maven-plugin/1.3.3/mybatis-generator-maven-plugin-1.3.3.pom
2017-05-11 17:03:52,505 [Worker-34] INFO  o.e.m.c.i.e.AbstractTransferListenerAdapter - Downloaded http://repo.maven.apache.org/maven2/org/mybatis/generator/mybatis-generator-maven-plugin/1.3.3/mybatis-generator-maven-plugin-1.3.3.pom
2017-05-11 17:03:53,623 [Worker-34] INFO  o.e.m.c.i.e.AbstractTransferListenerAdapter - Downloading http://repo.maven.apache.org/maven2/org/mybatis/generator/mybatis-generator/1.3.3/mybatis-generator-1.3.3.pom
2017-05-11 17:03:54,500 [Worker-34] INFO  o.e.m.c.i.e.AbstractTransferListenerAdapter - Downloaded http://repo.maven.apache.org/maven2/org/mybatis/generator/mybatis-generator/1.3.3/mybatis-generator-1.3.3.pom
2017-05-11 17:03:56,008 [Worker-34] INFO  o.e.m.c.i.e.AbstractTransferListenerAdapter - Downloading http://repo.maven.apache.org/maven2/org/mybatis/generator/mybatis-generator-maven-plugin/1.3.3/mybatis-generator-maven-plugin-1.3.3.jar
2017-05-11 17:04:18,678 [Worker-34] INFO  o.e.m.c.i.e.AbstractTransferListenerAdapter - Downloaded http://repo.maven.apache.org/maven2/org/mybatis/generator/mybatis-generator-maven-plugin/1.3.3/mybatis-generator-maven-plugin-1.3.3.jar
2017-05-11 17:04:18,823 [Worker-34] INFO  o.e.m.c.i.l.LifecycleMappingFactory - Using org.eclipse.m2e.jdt.JarLifecycleMapping lifecycle mapping for MavenProject: com.demo.film:mybatis-generator:1.0-SNAPSHOT @ D:\workspace_server_javaweb02\javaWeb\MyBatisGenerator\pom.xml.
2017-05-11 17:04:19,295 [Worker-34] WARN  o.e.m.c.i.embedder.EclipseLogger - Using platform encoding (GBK actually) to copy filtered resources, i.e. build is platform dependent!
2017-05-11 17:04:19,296 [Worker-34] INFO  o.e.m.c.i.embedder.EclipseLogger - Copying 0 resource
2017-05-11 17:04:19,298 [Worker-34] WARN  o.e.m.c.i.embedder.EclipseLogger - Using platform encoding (GBK actually) to copy filtered resources, i.e. build is platform dependent!
2017-05-11 17:04:19,299 [Worker-34] INFO  o.e.m.c.i.embedder.EclipseLogger - Copying 0 resource
2017-05-11 17:04:20,501 [Worker-34] WARN  o.e.m.c.i.embedder.EclipseLogger - Using platform encoding (GBK actually) to copy filtered resources, i.e. build is platform dependent!
2017-05-11 17:04:20,502 [Worker-34] INFO  o.e.m.c.i.embedder.EclipseLogger - Copying 1 resource
2017-05-11 17:04:20,505 [Worker-34] WARN  o.e.m.c.i.embedder.EclipseLogger - Using platform encoding (GBK actually) to copy filtered resources, i.e. build is platform dependent!
2017-05-11 17:04:20,505 [Worker-34] INFO  o.e.m.c.i.embedder.EclipseLogger - Copying 0 resource
2017-05-11 17:05:46,209 [Worker-32] INFO  o.e.m.c.i.l.LifecycleMappingFactory - Using org.eclipse.m2e.jdt.JarLifecycleMapping lifecycle mapping for MavenProject: com.demo.film:mybatis-generator:1.0-SNAPSHOT @ D:\workspace_server_javaweb02\javaWeb\MyBatisGenerator\pom.xml.
2017-05-11 17:05:46,235 [Worker-32] WARN  o.e.m.c.i.embedder.EclipseLogger - Using platform encoding (GBK actually) to copy filtered resources, i.e. build is platform dependent!
2017-05-11 17:05:46,236 [Worker-32] INFO  o.e.m.c.i.embedder.EclipseLogger - Copying 0 resource
2017-05-11 17:05:46,238 [Worker-32] WARN  o.e.m.c.i.embedder.EclipseLogger - Using platform encoding (GBK actually) to copy filtered resources, i.e. build is platform dependent!
2017-05-11 17:05:46,239 [Worker-32] INFO  o.e.m.c.i.embedder.EclipseLogger - Copying 0 resource
2017-05-11 17:06:28,138 [Worker-34] INFO  o.e.m.c.i.p.ProjectConfigurationManager - Update started
2017-05-11 17:06:28,175 [Worker-34] INFO  o.e.m.c.i.l.LifecycleMappingFactory - Using org.eclipse.m2e.jdt.JarLifecycleMapping lifecycle mapping for MavenProject: com.demo.film:mybatis-generator:1.0-SNAPSHOT @ D:\workspace_server_javaweb02\javaWeb\MyBatisGenerator\pom.xml.
2017-05-11 17:06:28,198 [Worker-34] INFO  o.e.m.j.i.AbstractJavaProjectConfigurator - Adding source folder /MyBatisGenerator/src/main/java
2017-05-11 17:06:28,199 [Worker-34] INFO  o.e.m.j.i.AbstractJavaProjectConfigurator - Adding resource folder /MyBatisGenerator/src/main/resources
2017-05-11 17:06:28,199 [Worker-34] INFO  o.e.m.j.i.AbstractJavaProjectConfigurator - Adding source folder /MyBatisGenerator/src/test/java
2017-05-11 17:06:28,199 [Worker-34] INFO  o.e.m.j.i.AbstractJavaProjectConfigurator - Adding resource folder /MyBatisGenerator/src/test/resources
2017-05-11 17:06:28,252 [Worker-34] INFO  o.e.m.c.i.p.ProjectConfigurationManager - Update completed: 0 sec
2017-05-11 17:06:28,824 [Worker-37] WARN  o.e.m.c.i.embedder.EclipseLogger - Using platform encoding (GBK actually) to copy filtered resources, i.e. build is platform dependent!
2017-05-11 17:06:28,825 [Worker-37] INFO  o.e.m.c.i.embedder.EclipseLogger - Copying 1 resource
2017-05-11 17:06:28,827 [Worker-37] WARN  o.e.m.c.i.embedder.EclipseLogger - Using platform encoding (GBK actually) to copy filtered resources, i.e. build is platform dependent!
2017-05-11 17:06:28,828 [Worker-37] INFO  o.e.m.c.i.embedder.EclipseLogger - Copying 0 resource
2017-05-11 17:10:06,765 [Worker-36] INFO  o.e.m.i.launch.MavenLaunchDelegate - D:\workspace_server_javaweb02\javaWeb\MyBatisGenerator
2017-05-11 17:10:06,766 [Worker-36] INFO  o.e.m.i.launch.MavenLaunchDelegate -  mvn  -B generate-sources
2017-05-11 17:10:55,243 [main] INFO  o.e.m2e.actions.ExecutePomAction - Creating new launch configuration
2017-05-11 17:11:11,652 [Worker-35] WARN  o.e.m.c.i.embedder.EclipseLogger - Using platform encoding (GBK actually) to copy filtered resources, i.e. build is platform dependent!
2017-05-11 17:11:11,653 [Worker-35] INFO  o.e.m.c.i.embedder.EclipseLogger - Copying 0 resource
2017-05-11 17:11:11,654 [Worker-35] WARN  o.e.m.c.i.embedder.EclipseLogger - Using platform encoding (GBK actually) to copy filtered resources, i.e. build is platform dependent!
2017-05-11 17:11:11,655 [Worker-35] INFO  o.e.m.c.i.embedder.EclipseLogger - Copying 0 resource
2017-05-11 17:12:27,976 [main] INFO  o.e.m2e.actions.ExecutePomAction - Using existing launch configuration
2017-05-11 17:17:10,693 [main] INFO  o.e.m2e.actions.ExecutePomAction - Using existing launch configuration
2017-05-11 17:19:07,933 [Worker-37] INFO  o.e.m.i.launch.MavenLaunchDelegate - D:\workspace_server_javaweb02\javaWeb\MyBatisGenerator
2017-05-11 17:19:07,933 [Worker-37] INFO  o.e.m.i.launch.MavenLaunchDelegate -  mvn -Dmybatis-generator=generate  -B 
2017-05-11 17:19:33,467 [Worker-42] INFO  o.e.m.c.i.e.AbstractTransferListenerAdapter - Downloading http://repo.maven.apache.org/maven2/org/codehaus/plexus/plexus-classworlds/2.5.1/plexus-classworlds-2.5.1-sources.jar
2017-05-11 17:19:35,363 [Worker-42] INFO  o.e.m.c.i.e.AbstractTransferListenerAdapter - Downloaded http://repo.maven.apache.org/maven2/org/codehaus/plexus/plexus-classworlds/2.5.1/plexus-classworlds-2.5.1-sources.jar
2017-05-11 17:19:36,049 [Worker-42] INFO  o.e.m.c.i.e.AbstractTransferListenerAdapter - Downloading http://repo.maven.apache.org/maven2/io/takari/aether/takari-local-repository/0.9.0/takari-local-repository-0.9.0-sources.jar
2017-05-11 17:19:36,835 [Worker-42] INFO  o.e.m.c.i.e.AbstractTransferListenerAdapter - Downloaded http://repo.maven.apache.org/maven2/io/takari/aether/takari-local-repository/0.9.0/takari-local-repository-0.9.0-sources.jar
2017-05-11 17:19:37,512 [Worker-42] INFO  o.e.m.c.i.e.AbstractTransferListenerAdapter - Downloading http://repo.maven.apache.org/maven2/io/takari/takari-filemanager/0.7.0/takari-filemanager-0.7.0-sources.jar
2017-05-11 17:19:38,315 [Worker-42] INFO  o.e.m.c.i.e.AbstractTransferListenerAdapter - Downloaded http://repo.maven.apache.org/maven2/io/takari/takari-filemanager/0.7.0/takari-filemanager-0.7.0-sources.jar
2017-05-11 17:19:38,881 [Worker-42] INFO  o.e.m.c.i.e.AbstractTransferListenerAdapter - Downloading http://repo.maven.apache.org/maven2/org/apache/maven/maven-core/3.2.1/maven-core-3.2.1-sources.jar
2017-05-11 17:19:45,350 [Worker-42] INFO  o.e.m.c.i.e.AbstractTransferListenerAdapter - Downloaded http://repo.maven.apache.org/maven2/org/apache/maven/maven-core/3.2.1/maven-core-3.2.1-sources.jar
2017-05-11 17:19:46,531 [Worker-42] INFO  o.e.m.c.i.e.AbstractTransferListenerAdapter - Downloading http://repo.maven.apache.org/maven2/org/apache/maven/maven-model/3.2.1/maven-model-3.2.1-sources.jar
2017-05-11 17:19:50,228 [Worker-42] INFO  o.e.m.c.i.e.AbstractTransferListenerAdapter - Downloaded http://repo.maven.apache.org/maven2/org/apache/maven/maven-model/3.2.1/maven-model-3.2.1-sources.jar
2017-05-11 17:19:50,770 [Worker-42] INFO  o.e.m.c.i.e.AbstractTransferListenerAdapter - Downloading http://repo.maven.apache.org/maven2/org/apache/maven/maven-settings/3.2.1/maven-settings-3.2.1-sources.jar
2017-05-11 17:19:52,092 [Worker-42] INFO  o.e.m.c.i.e.AbstractTransferListenerAdapter - Downloaded http://repo.maven.apache.org/maven2/org/apache/maven/maven-settings/3.2.1/maven-settings-3.2.1-sources.jar
2017-05-11 17:19:52,647 [Worker-42] INFO  o.e.m.c.i.e.AbstractTransferListenerAdapter - Downloading http://repo.maven.apache.org/maven2/org/apache/maven/maven-settings-builder/3.2.1/maven-settings-builder-3.2.1-sources.jar
2017-05-11 17:19:54,234 [Worker-42] INFO  o.e.m.c.i.e.AbstractTransferListenerAdapter - Downloaded http://repo.maven.apache.org/maven2/org/apache/maven/maven-settings-builder/3.2.1/maven-settings-builder-3.2.1-sources.jar
2017-05-11 17:19:55,210 [Worker-42] INFO  o.e.m.c.i.e.AbstractTransferListenerAdapter - Downloading http://repo.maven.apache.org/maven2/org/apache/maven/maven-repository-metadata/3.2.1/maven-repository-metadata-3.2.1-sources.jar
2017-05-11 17:19:56,312 [Worker-42] INFO  o.e.m.c.i.e.AbstractTransferListenerAdapter - Downloaded http://repo.maven.apache.org/maven2/org/apache/maven/maven-repository-metadata/3.2.1/maven-repository-metadata-3.2.1-sources.jar
2017-05-11 17:19:57,335 [Worker-42] INFO  o.e.m.c.i.e.AbstractTransferListenerAdapter - Downloading http://repo.maven.apache.org/maven2/org/apache/maven/maven-artifact/3.2.1/maven-artifact-3.2.1-sources.jar
2017-05-11 17:19:59,739 [Worker-42] INFO  o.e.m.c.i.e.AbstractTransferListenerAdapter - Downloaded http://repo.maven.apache.org/maven2/org/apache/maven/maven-artifact/3.2.1/maven-artifact-3.2.1-sources.jar
2017-05-11 17:20:00,899 [Worker-42] INFO  o.e.m.c.i.e.AbstractTransferListenerAdapter - Downloading http://repo.maven.apache.org/maven2/org/apache/maven/maven-plugin-api/3.2.1/maven-plugin-api-3.2.1-sources.jar
2017-05-11 17:20:04,383 [Worker-42] INFO  o.e.m.c.i.e.AbstractTransferListenerAdapter - Downloaded http://repo.maven.apache.org/maven2/org/apache/maven/maven-plugin-api/3.2.1/maven-plugin-api-3.2.1-sources.jar
2017-05-11 17:20:04,900 [Worker-42] INFO  o.e.m.c.i.e.AbstractTransferListenerAdapter - Downloading http://repo.maven.apache.org/maven2/org/apache/maven/maven-model-builder/3.2.1/maven-model-builder-3.2.1-sources.jar
2017-05-11 17:20:08,579 [Worker-42] INFO  o.e.m.c.i.e.AbstractTransferListenerAdapter - Downloaded http://repo.maven.apache.org/maven2/org/apache/maven/maven-model-builder/3.2.1/maven-model-builder-3.2.1-sources.jar
2017-05-11 17:20:09,169 [Worker-42] INFO  o.e.m.c.i.e.AbstractTransferListenerAdapter - Downloading http://repo.maven.apache.org/maven2/org/apache/maven/maven-aether-provider/3.2.1/maven-aether-provider-3.2.1-sources.jar
2017-05-11 17:20:10,808 [Worker-42] INFO  o.e.m.c.i.e.AbstractTransferListenerAdapter - Downloaded http://repo.maven.apache.org/maven2/org/apache/maven/maven-aether-provider/3.2.1/maven-aether-provider-3.2.1-sources.jar
2017-05-11 17:20:11,337 [Worker-42] INFO  o.e.m.c.i.e.AbstractTransferListenerAdapter - Downloading http://repo.maven.apache.org/maven2/org/eclipse/aether/aether-api/0.9.0.M2/aether-api-0.9.0.M2-sources.jar
2017-05-11 17:20:15,168 [Worker-42] INFO  o.e.m.c.i.e.AbstractTransferListenerAdapter - Downloaded http://repo.maven.apache.org/maven2/org/eclipse/aether/aether-api/0.9.0.M2/aether-api-0.9.0.M2-sources.jar
2017-05-11 17:20:16,351 [Worker-42] INFO  o.e.m.c.i.e.AbstractTransferListenerAdapter - Downloading http://repo.maven.apache.org/maven2/org/eclipse/aether/aether-util/0.9.0.M2/aether-util-0.9.0.M2-sources.jar
2017-05-11 17:20:19,858 [Worker-42] INFO  o.e.m.c.i.e.AbstractTransferListenerAdapter - Downloaded http://repo.maven.apache.org/maven2/org/eclipse/aether/aether-util/0.9.0.M2/aether-util-0.9.0.M2-sources.jar
2017-05-11 17:20:21,143 [Worker-42] INFO  o.e.m.c.i.e.AbstractTransferListenerAdapter - Downloading http://repo.maven.apache.org/maven2/org/codehaus/plexus/plexus-interpolation/1.19/plexus-interpolation-1.19-sources.jar
2017-05-11 17:20:23,466 [Worker-42] INFO  o.e.m.c.i.e.AbstractTransferListenerAdapter - Downloaded http://repo.maven.apache.org/maven2/org/codehaus/plexus/plexus-interpolation/1.19/plexus-interpolation-1.19-sources.jar
2017-05-11 17:20:24,118 [Worker-42] INFO  o.e.m.c.i.e.AbstractTransferListenerAdapter - Downloading http://repo.maven.apache.org/maven2/org/codehaus/plexus/plexus-utils/3.0.17/plexus-utils-3.0.17-sources.jar
2017-05-11 17:20:27,339 [Worker-42] INFO  o.e.m.c.i.e.AbstractTransferListenerAdapter - Downloaded http://repo.maven.apache.org/maven2/org/codehaus/plexus/plexus-utils/3.0.17/plexus-utils-3.0.17-sources.jar
2017-05-11 17:20:27,904 [Worker-42] INFO  o.e.m.c.i.e.AbstractTransferListenerAdapter - Downloading http://repo.maven.apache.org/maven2/org/codehaus/plexus/plexus-component-annotations/1.5.5/plexus-component-annotations-1.5.5-sources.jar
2017-05-11 17:20:28,619 [Worker-42] INFO  o.e.m.c.i.e.AbstractTransferListenerAdapter - Downloaded http://repo.maven.apache.org/maven2/org/codehaus/plexus/plexus-component-annotations/1.5.5/plexus-component-annotations-1.5.5-sources.jar
2017-05-11 17:20:29,165 [Worker-42] INFO  o.e.m.c.i.e.AbstractTransferListenerAdapter - Downloading http://repo.maven.apache.org/maven2/org/sonatype/plexus/plexus-sec-dispatcher/1.3/plexus-sec-dispatcher-1.3-sources.jar
2017-05-11 17:20:30,037 [Worker-42] INFO  o.e.m.c.i.e.AbstractTransferListenerAdapter - Downloaded http://repo.maven.apache.org/maven2/org/sonatype/plexus/plexus-sec-dispatcher/1.3/plexus-sec-dispatcher-1.3-sources.jar
2017-05-11 17:20:31,027 [Worker-42] INFO  o.e.m.c.i.e.AbstractTransferListenerAdapter - Downloading http://repo.maven.apache.org/maven2/org/apache/maven/maven-embedder/3.2.1/maven-embedder-3.2.1-sources.jar
2017-05-11 17:20:31,849 [Worker-42] INFO  o.e.m.c.i.e.AbstractTransferListenerAdapter - Downloaded http://repo.maven.apache.org/maven2/org/apache/maven/maven-embedder/3.2.1/maven-embedder-3.2.1-sources.jar
2017-05-11 17:20:32,331 [Worker-42] INFO  o.e.m.c.i.e.AbstractTransferListenerAdapter - Downloading http://repo.maven.apache.org/maven2/org/sonatype/plexus/plexus-cipher/1.7/plexus-cipher-1.7-sources.jar
2017-05-11 17:20:33,169 [Worker-42] INFO  o.e.m.c.i.e.AbstractTransferListenerAdapter - Downloaded http://repo.maven.apache.org/maven2/org/sonatype/plexus/plexus-cipher/1.7/plexus-cipher-1.7-sources.jar
2017-05-11 17:20:33,693 [Worker-42] INFO  o.e.m.c.i.e.AbstractTransferListenerAdapter - Downloading http://repo.maven.apache.org/maven2/commons-cli/commons-cli/1.2/commons-cli-1.2-sources.jar
2017-05-11 17:20:35,108 [Worker-42] INFO  o.e.m.c.i.e.AbstractTransferListenerAdapter - Downloaded http://repo.maven.apache.org/maven2/commons-cli/commons-cli/1.2/commons-cli-1.2-sources.jar
2017-05-11 17:20:36,416 [Worker-42] INFO  o.e.m.c.i.e.AbstractTransferListenerAdapter - Downloading http://repo.maven.apache.org/maven2/org/apache/maven/maven-compat/3.2.1/maven-compat-3.2.1-sources.jar
2017-05-11 17:20:40,184 [Worker-42] INFO  o.e.m.c.i.e.AbstractTransferListenerAdapter - Downloaded http://repo.maven.apache.org/maven2/org/apache/maven/maven-compat/3.2.1/maven-compat-3.2.1-sources.jar
2017-05-11 17:20:40,758 [Worker-42] INFO  o.e.m.c.i.e.AbstractTransferListenerAdapter - Downloading http://repo.maven.apache.org/maven2/org/apache/maven/wagon/wagon-provider-api/2.6/wagon-provider-api-2.6-sources.jar
2017-05-11 17:20:42,263 [Worker-42] INFO  o.e.m.c.i.e.AbstractTransferListenerAdapter - Downloaded http://repo.maven.apache.org/maven2/org/apache/maven/wagon/wagon-provider-api/2.6/wagon-provider-api-2.6-sources.jar
2017-05-11 17:20:42,884 [Worker-42] INFO  o.e.m.c.i.e.AbstractTransferListenerAdapter - Downloading http://repo.maven.apache.org/maven2/javax/enterprise/cdi-api/1.0/cdi-api-1.0-sources.jar
2017-05-11 17:20:44,610 [Worker-42] INFO  o.e.m.c.i.e.AbstractTransferListenerAdapter - Downloaded http://repo.maven.apache.org/maven2/javax/enterprise/cdi-api/1.0/cdi-api-1.0-sources.jar
2017-05-11 17:20:45,362 [Worker-42] INFO  o.e.m.c.i.e.AbstractTransferListenerAdapter - Downloading http://repo.maven.apache.org/maven2/com/google/guava/guava/14.0.1/guava-14.0.1-sources.jar
2017-05-11 17:20:51,512 [Worker-42] INFO  o.e.m.c.i.e.AbstractTransferListenerAdapter - Downloaded http://repo.maven.apache.org/maven2/com/google/guava/guava/14.0.1/guava-14.0.1-sources.jar
2017-05-11 17:20:52,470 [Worker-42] INFO  o.e.m.c.i.e.AbstractTransferListenerAdapter - Downloading http://repo.maven.apache.org/maven2/org/eclipse/aether/aether-impl/0.9.0.M2/aether-impl-0.9.0.M2-sources.jar
2017-05-11 17:20:54,192 [Worker-42] INFO  o.e.m.c.i.e.AbstractTransferListenerAdapter - Downloaded http://repo.maven.apache.org/maven2/org/eclipse/aether/aether-impl/0.9.0.M2/aether-impl-0.9.0.M2-sources.jar
2017-05-11 17:20:54,821 [Worker-42] INFO  o.e.m.c.i.e.AbstractTransferListenerAdapter - Downloading http://repo.maven.apache.org/maven2/org/eclipse/aether/aether-spi/0.9.0.M2/aether-spi-0.9.0.M2-sources.jar
2017-05-11 17:20:55,571 [Worker-42] INFO  o.e.m.c.i.e.AbstractTransferListenerAdapter - Downloaded http://repo.maven.apache.org/maven2/org/eclipse/aether/aether-spi/0.9.0.M2/aether-spi-0.9.0.M2-sources.jar
2017-05-11 17:20:56,047 [Worker-42] INFO  o.e.m.c.i.e.AbstractTransferListenerAdapter - Downloading http://repo.maven.apache.org/maven2/io/takari/aether/aether-connector-okhttp/0.12.0/aether-connector-okhttp-0.12.0-sources.jar
2017-05-11 17:20:56,862 [Worker-42] INFO  o.e.m.c.i.e.AbstractTransferListenerAdapter - Downloaded http://repo.maven.apache.org/maven2/io/takari/aether/aether-connector-okhttp/0.12.0/aether-connector-okhttp-0.12.0-sources.jar
2017-05-11 17:20:58,150 [Worker-42] INFO  o.e.m.c.i.e.AbstractTransferListenerAdapter - Downloading http://repo.maven.apache.org/maven2/com/squareup/okhttp/okhttp/1.5.4/okhttp-1.5.4-sources.jar
2017-05-11 17:20:59,539 [Worker-42] INFO  o.e.m.c.i.e.AbstractTransferListenerAdapter - Downloaded http://repo.maven.apache.org/maven2/com/squareup/okhttp/okhttp/1.5.4/okhttp-1.5.4-sources.jar
2017-05-11 17:21:00,216 [Worker-42] INFO  o.e.m.c.i.e.AbstractTransferListenerAdapter - Downloading http://repo.maven.apache.org/maven2/org/eclipse/aether/aether-connector-wagon/0.9.0.M2/aether-connector-wagon-0.9.0.M2-sources.jar
2017-05-11 17:21:01,451 [Worker-42] INFO  o.e.m.c.i.e.AbstractTransferListenerAdapter - Downloaded http://repo.maven.apache.org/maven2/org/eclipse/aether/aether-connector-wagon/0.9.0.M2/aether-connector-wagon-0.9.0.M2-sources.jar
2017-05-11 17:21:02,128 [Worker-42] INFO  o.e.m.c.i.e.AbstractTransferListenerAdapter - Downloading http://repo.maven.apache.org/maven2/org/apache/maven/wagon/wagon-file/2.6/wagon-file-2.6-sources.jar
2017-05-11 17:21:03,720 [Worker-42] INFO  o.e.m.c.i.e.AbstractTransferListenerAdapter - Downloaded http://repo.maven.apache.org/maven2/org/apache/maven/wagon/wagon-file/2.6/wagon-file-2.6-sources.jar
2017-05-11 17:21:04,302 [Worker-42] INFO  o.e.m.c.i.e.AbstractTransferListenerAdapter - Downloading http://repo.maven.apache.org/maven2/commons-lang/commons-lang/2.6/commons-lang-2.6-sources.jar
2017-05-11 17:21:06,794 [Worker-42] INFO  o.e.m.c.i.e.AbstractTransferListenerAdapter - Downloaded http://repo.maven.apache.org/maven2/commons-lang/commons-lang/2.6/commons-lang-2.6-sources.jar
2017-05-11 17:21:07,533 [Worker-42] INFO  o.e.m.c.i.e.AbstractTransferListenerAdapter - Downloading http://repo.maven.apache.org/maven2/org/slf4j/slf4j-simple/1.7.5/slf4j-simple-1.7.5-sources.jar
2017-05-11 17:21:09,006 [Worker-42] INFO  o.e.m.c.i.e.AbstractTransferListenerAdapter - Downloaded http://repo.maven.apache.org/maven2/org/slf4j/slf4j-simple/1.7.5/slf4j-simple-1.7.5-sources.jar
